<?xml version="1.0" encoding="UTF-8"?>
<!-- Generated by org.testng.reporters.JUnitReportReporter -->
<testsuite skipped="3" hostname="EPINHYDW081A" name="testSuite.TestSuite" tests="7" failures="0" timestamp="2021-07-29T23:24:40 IST" time="6.327" errors="0">
  <testcase name="validateProductSearchUsingJson" time="1.228" classname="testSuite.TestSuite"/>
  <system-out/>
  <testcase name="validateProductSearchUsingJson" time="1.761" classname="testSuite.TestSuite"/>
  <system-out/>
  <testcase name="validateProductSearchUsingJson" time="1.962" classname="testSuite.TestSuite"/>
  <system-out/>
  <testcase name="validateProductSearchUsingJson" time="1.376" classname="testSuite.TestSuite"/>
  <system-out/>
  <testcase name="validateProductSearch" classname="testSuite.TestSuite">
    <skipped/>
  </testcase> <!-- validateProductSearch -->
  <system-out/>
  <testcase name="testJsonData" classname="testSuite.TestSuite">
    <skipped/>
  </testcase> <!-- testJsonData -->
  <system-out/>
  <testcase name="negativeTest" classname="testSuite.TestSuite">
    <skipped/>
  </testcase> <!-- negativeTest -->
  <system-out/>
</testsuite> <!-- testSuite.TestSuite -->
